2025-09-30 16:35:07,912 - INFO - Processing resume: Samantha J - Resume.docx
2025-09-30 16:35:07,918 - ERROR - Error updating Excel file: 'DataFrame' object has no attribute 'append'
2025-09-30 16:35:07,918 - INFO - Processing resume: Emma R - Resume.docx
2025-09-30 16:35:07,923 - ERROR - Error updating Excel file: 'DataFrame' object has no attribute 'append'
2025-09-30 16:35:07,923 - INFO - Processing resume: Jason L - Resume.docx
2025-09-30 16:35:07,927 - ERROR - Error updating Excel file: 'DataFrame' object has no attribute 'append'
2025-09-30 16:37:30,290 - INFO - Processing resume: Samantha J - Resume.docx
2025-09-30 16:37:30,308 - INFO - Updated contact information for 
2025-09-30 16:37:30,308 - INFO - Processing resume: Emma R - Resume.docx
2025-09-30 16:37:30,317 - INFO - Updated contact information for 
2025-09-30 16:37:30,317 - INFO - Processing resume: Jason L - Resume.docx
2025-09-30 16:37:30,326 - INFO - Updated contact information for 
2025-09-30 16:37:41,235 - INFO - Processing resume: Samantha J - Resume.docx
2025-09-30 16:37:41,250 - INFO - Updated contact information for 
2025-09-30 16:37:41,250 - INFO - Processing resume: Emma R - Resume.docx
2025-09-30 16:37:41,258 - INFO - Updated contact information for 
2025-09-30 16:37:41,258 - INFO - Processing resume: Jason L - Resume.docx
2025-09-30 16:37:41,265 - INFO - Updated contact information for 
2025-09-30 16:39:39,236 - INFO - Processing resume: Samantha J - Resume.docx
2025-09-30 16:39:39,255 - INFO - Updated contact information for 
2025-09-30 16:39:39,255 - INFO - Processing resume: Emma R - Resume.docx
2025-09-30 16:39:39,265 - INFO - Updated contact information for 
2025-09-30 16:39:39,265 - INFO - Processing resume: Jason L - Resume.docx
2025-09-30 16:39:39,272 - INFO - Updated contact information for 
2025-09-30 16:39:39,272 - INFO - Processing resume: ~$ma R - Resume.docx
2025-09-30 16:39:39,272 - ERROR - Error processing /Users/teddyporfiris/Documents/resume-candidates/~$ma R - Resume.docx: File is not a zip file
2025-09-30 16:40:09,273 - INFO - Processing resume: Samantha J - Resume.docx
2025-09-30 16:40:09,294 - INFO - Updated contact information for 
2025-09-30 16:40:09,294 - INFO - Processing resume: Emma R - Resume.docx
2025-09-30 16:40:09,303 - INFO - Updated contact information for 
2025-09-30 16:40:09,303 - INFO - Processing resume: Jason L - Resume.docx
2025-09-30 16:40:09,311 - INFO - Updated contact information for 
2025-09-30 16:40:09,311 - INFO - Processing resume: ~$ma R - Resume.docx
2025-09-30 16:40:09,311 - ERROR - Error processing /Users/teddyporfiris/Documents/resume-candidates/~$ma R - Resume.docx: File is not a zip file
